{"/Users/vincent.defeo/Workspace/okiba-gang/okiba/packages/arrays/index.js": {"path":"/Users/vincent.defeo/Workspace/okiba-gang/okiba/packages/arrays/index.js","statementMap":{"0":{"start":{"line":19,"column":2},"end":{"line":21,"column":3}},"1":{"start":{"line":20,"column":4},"end":{"line":20,"column":17}},"2":{"start":{"line":23,"column":2},"end":{"line":25,"column":3}},"3":{"start":{"line":24,"column":4},"end":{"line":24,"column":23}},"4":{"start":{"line":27,"column":2},"end":{"line":27,"column":18}},"5":{"start":{"line":40,"column":2},"end":{"line":40,"column":42}},"6":{"start":{"line":40,"column":27},"end":{"line":40,"column":42}},"7":{"start":{"line":42,"column":2},"end":{"line":44,"column":3}},"8":{"start":{"line":43,"column":4},"end":{"line":43,"column":19}},"9":{"start":{"line":46,"column":2},"end":{"line":48,"column":3}},"10":{"start":{"line":47,"column":4},"end":{"line":47,"column":21}},"11":{"start":{"line":50,"column":2},"end":{"line":50,"column":45}}},"fnMap":{"0":{"name":"arrayOrOne","decl":{"start":{"line":18,"column":16},"end":{"line":18,"column":26}},"loc":{"start":{"line":18,"column":38},"end":{"line":28,"column":1}},"line":18},"1":{"name":"castArray","decl":{"start":{"line":39,"column":16},"end":{"line":39,"column":25}},"loc":{"start":{"line":39,"column":36},"end":{"line":51,"column":1}},"line":39}},"branchMap":{"0":{"loc":{"start":{"line":19,"column":2},"end":{"line":21,"column":3}},"type":"if","locations":[{"start":{"line":19,"column":2},"end":{"line":21,"column":3}},{"start":{"line":19,"column":2},"end":{"line":21,"column":3}}],"line":19},"1":{"loc":{"start":{"line":19,"column":6},"end":{"line":19,"column":52}},"type":"binary-expr","locations":[{"start":{"line":19,"column":6},"end":{"line":19,"column":26}},{"start":{"line":19,"column":30},"end":{"line":19,"column":52}}],"line":19},"2":{"loc":{"start":{"line":23,"column":2},"end":{"line":25,"column":3}},"type":"if","locations":[{"start":{"line":23,"column":2},"end":{"line":25,"column":3}},{"start":{"line":23,"column":2},"end":{"line":25,"column":3}}],"line":23},"3":{"loc":{"start":{"line":40,"column":2},"end":{"line":40,"column":42}},"type":"if","locations":[{"start":{"line":40,"column":2},"end":{"line":40,"column":42}},{"start":{"line":40,"column":2},"end":{"line":40,"column":42}}],"line":40},"4":{"loc":{"start":{"line":42,"column":2},"end":{"line":44,"column":3}},"type":"if","locations":[{"start":{"line":42,"column":2},"end":{"line":44,"column":3}},{"start":{"line":42,"column":2},"end":{"line":44,"column":3}}],"line":42},"5":{"loc":{"start":{"line":46,"column":2},"end":{"line":48,"column":3}},"type":"if","locations":[{"start":{"line":46,"column":2},"end":{"line":48,"column":3}},{"start":{"line":46,"column":2},"end":{"line":48,"column":3}}],"line":46},"6":{"loc":{"start":{"line":46,"column":6},"end":{"line":46,"column":64}},"type":"binary-expr","locations":[{"start":{"line":46,"column":6},"end":{"line":46,"column":32}},{"start":{"line":46,"column":36},"end":{"line":46,"column":64}}],"line":46}},"s":{"0":9,"1":4,"2":5,"3":3,"4":2,"5":12,"6":1,"7":11,"8":1,"9":10,"10":2,"11":8},"f":{"0":9,"1":12},"b":{"0":[4,5],"1":[9,8],"2":[3,2],"3":[1,11],"4":[1,10],"5":[2,8],"6":[10,10]},"_coverageSchema":"332fd63041d2c1bcb487cc26dd0d5f7d97098a6c","hash":"bcaad77fd766f682caebb24b4b9f2b70256b61bb"}
,"/Users/vincent.defeo/Workspace/okiba-gang/okiba/packages/component/index.js": {"path":"/Users/vincent.defeo/Workspace/okiba-gang/okiba/packages/component/index.js","statementMap":{"0":{"start":{"line":89,"column":4},"end":{"line":89,"column":21}},"1":{"start":{"line":91,"column":4},"end":{"line":93,"column":5}},"2":{"start":{"line":92,"column":6},"end":{"line":92,"column":33}},"3":{"start":{"line":95,"column":4},"end":{"line":109,"column":5}},"4":{"start":{"line":96,"column":6},"end":{"line":108,"column":7}},"5":{"start":{"line":98,"column":22},"end":{"line":98,"column":60}},"6":{"start":{"line":100,"column":10},"end":{"line":104,"column":11}},"7":{"start":{"line":101,"column":12},"end":{"line":101,"column":27}},"8":{"start":{"line":103,"column":12},"end":{"line":103,"column":100}},"9":{"start":{"line":106,"column":10},"end":{"line":106,"column":21}},"10":{"start":{"line":111,"column":4},"end":{"line":128,"column":5}},"11":{"start":{"line":112,"column":6},"end":{"line":127,"column":7}},"12":{"start":{"line":114,"column":44},"end":{"line":114,"column":64}},"13":{"start":{"line":115,"column":22},"end":{"line":115,"column":77}},"14":{"start":{"line":117,"column":10},"end":{"line":123,"column":11}},"15":{"start":{"line":118,"column":12},"end":{"line":120,"column":44}},"16":{"start":{"line":119,"column":29},"end":{"line":119,"column":55}},"17":{"start":{"line":122,"column":12},"end":{"line":122,"column":116}},"18":{"start":{"line":125,"column":10},"end":{"line":125,"column":21}},"19":{"start":{"line":143,"column":4},"end":{"line":151,"column":5}},"20":{"start":{"line":144,"column":6},"end":{"line":150,"column":10}},"21":{"start":{"line":145,"column":24},"end":{"line":150,"column":9}},"22":{"start":{"line":149,"column":15},"end":{"line":149,"column":26}},"23":{"start":{"line":153,"column":4},"end":{"line":155,"column":5}},"24":{"start":{"line":154,"column":6},"end":{"line":154,"column":22}}},"fnMap":{"0":{"name":"(anonymous_0)","decl":{"start":{"line":88,"column":2},"end":{"line":88,"column":3}},"loc":{"start":{"line":88,"column":20},"end":{"line":129,"column":3}},"line":88},"1":{"name":"(anonymous_1)","decl":{"start":{"line":97,"column":8},"end":{"line":97,"column":9}},"loc":{"start":{"line":97,"column":23},"end":{"line":107,"column":9}},"line":97},"2":{"name":"(anonymous_2)","decl":{"start":{"line":113,"column":8},"end":{"line":113,"column":9}},"loc":{"start":{"line":113,"column":23},"end":{"line":126,"column":9}},"line":113},"3":{"name":"(anonymous_3)","decl":{"start":{"line":119,"column":24},"end":{"line":119,"column":25}},"loc":{"start":{"line":119,"column":29},"end":{"line":119,"column":55}},"line":119},"4":{"name":"(anonymous_4)","decl":{"start":{"line":142,"column":2},"end":{"line":142,"column":3}},"loc":{"start":{"line":142,"column":12},"end":{"line":156,"column":3}},"line":142},"5":{"name":"(anonymous_5)","decl":{"start":{"line":145,"column":17},"end":{"line":145,"column":18}},"loc":{"start":{"line":145,"column":24},"end":{"line":150,"column":9}},"line":145},"6":{"name":"(anonymous_6)","decl":{"start":{"line":149,"column":10},"end":{"line":149,"column":11}},"loc":{"start":{"line":149,"column":15},"end":{"line":149,"column":26}},"line":149}},"branchMap":{"0":{"loc":{"start":{"line":91,"column":4},"end":{"line":93,"column":5}},"type":"if","locations":[{"start":{"line":91,"column":4},"end":{"line":93,"column":5}},{"start":{"line":91,"column":4},"end":{"line":93,"column":5}}],"line":91},"1":{"loc":{"start":{"line":95,"column":4},"end":{"line":109,"column":5}},"type":"if","locations":[{"start":{"line":95,"column":4},"end":{"line":109,"column":5}},{"start":{"line":95,"column":4},"end":{"line":109,"column":5}}],"line":95},"2":{"loc":{"start":{"line":100,"column":10},"end":{"line":104,"column":11}},"type":"if","locations":[{"start":{"line":100,"column":10},"end":{"line":104,"column":11}},{"start":{"line":100,"column":10},"end":{"line":104,"column":11}}],"line":100},"3":{"loc":{"start":{"line":111,"column":4},"end":{"line":128,"column":5}},"type":"if","locations":[{"start":{"line":111,"column":4},"end":{"line":128,"column":5}},{"start":{"line":111,"column":4},"end":{"line":128,"column":5}}],"line":111},"4":{"loc":{"start":{"line":117,"column":10},"end":{"line":123,"column":11}},"type":"if","locations":[{"start":{"line":117,"column":10},"end":{"line":123,"column":11}},{"start":{"line":117,"column":10},"end":{"line":123,"column":11}}],"line":117},"5":{"loc":{"start":{"line":118,"column":24},"end":{"line":120,"column":44}},"type":"cond-expr","locations":[{"start":{"line":119,"column":16},"end":{"line":119,"column":56}},{"start":{"line":120,"column":16},"end":{"line":120,"column":44}}],"line":118},"6":{"loc":{"start":{"line":143,"column":4},"end":{"line":151,"column":5}},"type":"if","locations":[{"start":{"line":143,"column":4},"end":{"line":151,"column":5}},{"start":{"line":143,"column":4},"end":{"line":151,"column":5}}],"line":143},"7":{"loc":{"start":{"line":145,"column":25},"end":{"line":147,"column":34}},"type":"cond-expr","locations":[{"start":{"line":146,"column":12},"end":{"line":146,"column":32}},{"start":{"line":147,"column":12},"end":{"line":147,"column":34}}],"line":145},"8":{"loc":{"start":{"line":153,"column":4},"end":{"line":155,"column":5}},"type":"if","locations":[{"start":{"line":153,"column":4},"end":{"line":155,"column":5}},{"start":{"line":153,"column":4},"end":{"line":155,"column":5}}],"line":153}},"s":{"0":6,"1":6,"2":2,"3":6,"4":2,"5":2,"6":2,"7":1,"8":1,"9":1,"10":5,"11":2,"12":3,"13":3,"14":3,"15":2,"16":2,"17":1,"18":2,"19":4,"20":1,"21":2,"22":3,"23":4,"24":2},"f":{"0":6,"1":2,"2":3,"3":2,"4":4,"5":2,"6":3},"b":{"0":[2,4],"1":[2,4],"2":[1,1],"3":[2,3],"4":[2,1],"5":[1,1],"6":[1,3],"7":[1,1],"8":[2,2]},"_coverageSchema":"332fd63041d2c1bcb487cc26dd0d5f7d97098a6c","hash":"f986c30298e65450c6adc0635bd9661ddd51194a"}
,"/Users/vincent.defeo/Workspace/okiba-gang/okiba/packages/dom/index.js": {"path":"/Users/vincent.defeo/Workspace/okiba-gang/okiba/packages/dom/index.js","statementMap":{"0":{"start":{"line":21,"column":2},"end":{"line":21,"column":54}}},"fnMap":{"0":{"name":"qsa","decl":{"start":{"line":20,"column":16},"end":{"line":20,"column":19}},"loc":{"start":{"line":20,"column":50},"end":{"line":22,"column":1}},"line":20}},"branchMap":{"0":{"loc":{"start":{"line":20,"column":30},"end":{"line":20,"column":48}},"type":"default-arg","locations":[{"start":{"line":20,"column":40},"end":{"line":20,"column":48}}],"line":20}},"s":{"0":7},"f":{"0":7},"b":{"0":[1]},"_coverageSchema":"332fd63041d2c1bcb487cc26dd0d5f7d97098a6c","hash":"555ce342a7a3b9ce67971febecea31f749e06b46"}
,"/Users/vincent.defeo/Workspace/okiba-gang/okiba/packages/drag-emitter/index.js": {"path":"/Users/vincent.defeo/Workspace/okiba-gang/okiba/packages/drag-emitter/index.js","statementMap":{"0":{"start":{"line":5,"column":0},"end":{"line":null,"column":-1}},"1":{"start":{"line":20,"column":18},"end":{"line":null,"column":-1}},"2":{"start":{"line":22,"column":4},"end":{"line":null,"column":-1}},"3":{"start":{"line":23,"column":4},"end":{"line":null,"column":-1}},"4":{"start":{"line":24,"column":4},"end":{"line":null,"column":-1}},"5":{"start":{"line":32,"column":4},"end":{"line":null,"column":-1}},"6":{"start":{"line":33,"column":4},"end":{"line":null,"column":-1}},"7":{"start":{"line":37,"column":4},"end":{"line":null,"column":-1}},"8":{"start":{"line":38,"column":4},"end":{"line":null,"column":-1}},"9":{"start":{"line":42,"column":4},"end":{"line":42,"column":29}},"10":{"start":{"line":42,"column":29},"end":{"line":null,"column":-1}},"11":{"start":{"line":44,"column":4},"end":{"line":null,"column":-1}},"12":{"start":{"line":45,"column":4},"end":{"line":null,"column":-1}},"13":{"start":{"line":46,"column":4},"end":{"line":null,"column":-1}},"14":{"start":{"line":47,"column":4},"end":{"line":null,"column":-1}},"15":{"start":{"line":51,"column":4},"end":{"line":53,"column":5}},"16":{"start":{"line":52,"column":6},"end":{"line":null,"column":-1}},"17":{"start":{"line":55,"column":4},"end":{"line":null,"column":-1}},"18":{"start":{"line":59,"column":4},"end":{"line":null,"column":-1}},"19":{"start":{"line":66,"column":4},"end":{"line":null,"column":-1}},"20":{"start":{"line":67,"column":4},"end":{"line":null,"column":-1}},"21":{"start":{"line":71,"column":4},"end":{"line":null,"column":-1}},"22":{"start":{"line":75,"column":4},"end":{"line":null,"column":-1}},"23":{"start":{"line":79,"column":4},"end":{"line":null,"column":-1}},"24":{"start":{"line":83,"column":4},"end":{"line":85,"column":5}},"25":{"start":{"line":84,"column":6},"end":{"line":null,"column":-1}},"26":{"start":{"line":89,"column":4},"end":{"line":null,"column":-1}},"27":{"start":{"line":93,"column":4},"end":{"line":null,"column":-1}},"28":{"start":{"line":94,"column":4},"end":{"line":null,"column":-1}},"29":{"start":{"line":95,"column":4},"end":{"line":null,"column":-1}},"30":{"start":{"line":97,"column":4},"end":{"line":null,"column":-1}},"31":{"start":{"line":98,"column":4},"end":{"line":null,"column":-1}},"32":{"start":{"line":99,"column":4},"end":{"line":null,"column":-1}},"33":{"start":{"line":103,"column":4},"end":{"line":null,"column":-1}},"34":{"start":{"line":104,"column":4},"end":{"line":null,"column":-1}},"35":{"start":{"line":105,"column":4},"end":{"line":null,"column":-1}},"36":{"start":{"line":107,"column":4},"end":{"line":null,"column":-1}},"37":{"start":{"line":108,"column":4},"end":{"line":null,"column":-1}},"38":{"start":{"line":109,"column":4},"end":{"line":null,"column":-1}},"39":{"start":{"line":113,"column":4},"end":{"line":null,"column":-1}},"40":{"start":{"line":114,"column":4},"end":{"line":null,"column":-1}},"41":{"start":{"line":115,"column":4},"end":{"line":null,"column":-1}},"42":{"start":{"line":117,"column":4},"end":{"line":null,"column":-1}},"43":{"start":{"line":118,"column":4},"end":{"line":null,"column":-1}},"44":{"start":{"line":119,"column":4},"end":{"line":null,"column":-1}}},"fnMap":{"0":{"name":"DragEmitter","decl":{"start":{"line":20,"column":2},"end":{"line":20,"column":13}},"loc":{"start":{"line":20,"column":18},"end":{"line":25,"column":3}}}},"branchMap":{"0":{"loc":{"start":{"line":20,"column":18},"end":{"line":null,"column":-1}},"type":"binary-expr","locations":[{"start":{"line":20,"column":18},"end":{"line":null,"column":-1}},{"start":{"line":20,"column":18},"end":{"line":null,"column":-1}}]},"1":{"loc":{"start":{"line":42,"column":4},"end":{"line":42,"column":29}},"type":"if","locations":[{"start":{"line":42,"column":4},"end":{"line":42,"column":29}},{"start":{"line":42,"column":4},"end":{"line":42,"column":29}}]},"2":{"loc":{"start":{"line":51,"column":4},"end":{"line":53,"column":5}},"type":"if","locations":[{"start":{"line":51,"column":4},"end":{"line":53,"column":5}},{"start":{"line":51,"column":4},"end":{"line":53,"column":5}}]},"3":{"loc":{"start":{"line":83,"column":4},"end":{"line":85,"column":5}},"type":"if","locations":[{"start":{"line":83,"column":4},"end":{"line":85,"column":5}},{"start":{"line":83,"column":4},"end":{"line":85,"column":5}}]}},"s":{"0":0,"1":0,"2":0,"3":0,"4":0,"5":0,"6":0,"7":0,"8":0,"9":0,"10":0,"11":0,"12":0,"13":0,"14":0,"15":0,"16":0,"17":0,"18":0,"19":0,"20":0,"21":0,"22":0,"23":0,"24":0,"25":0,"26":0,"27":0,"28":0,"29":0,"30":0,"31":0,"32":0,"33":0,"34":0,"35":0,"36":0,"37":0,"38":0,"39":0,"40":0,"41":0,"42":0,"43":0,"44":0},"f":{"0":0},"b":{"0":[0,0],"1":[0,0],"2":[0,0],"3":[0,0]}}
,"/Users/vincent.defeo/Workspace/okiba-gang/okiba/packages/easings/index.js": {"path":"/Users/vincent.defeo/Workspace/okiba-gang/okiba/packages/easings/index.js","statementMap":{"0":{"start":{"line":8,"column":28},"end":{"line":null,"column":-1}},"1":{"start":{"line":9,"column":32},"end":{"line":null,"column":-1}},"2":{"start":{"line":10,"column":33},"end":{"line":null,"column":-1}},"3":{"start":{"line":11,"column":35},"end":{"line":null,"column":-1}},"4":{"start":{"line":12,"column":33},"end":{"line":null,"column":-1}},"5":{"start":{"line":13,"column":34},"end":{"line":null,"column":-1}},"6":{"start":{"line":14,"column":36},"end":{"line":null,"column":-1}},"7":{"start":{"line":15,"column":33},"end":{"line":null,"column":-1}},"8":{"start":{"line":16,"column":34},"end":{"line":null,"column":-1}},"9":{"start":{"line":17,"column":36},"end":{"line":null,"column":-1}},"10":{"start":{"line":18,"column":33},"end":{"line":null,"column":-1}},"11":{"start":{"line":19,"column":34},"end":{"line":null,"column":-1}},"12":{"start":{"line":20,"column":36},"end":{"line":null,"column":-1}}},"fnMap":{"0":{"name":"linear","decl":{"start":{"line":8,"column":16},"end":{"line":8,"column":7}},"loc":{"start":{"line":8,"column":26},"end":{"line":8,"column":38}}},"1":{"name":"easeInQuad","decl":{"start":{"line":9,"column":16},"end":{"line":9,"column":7}},"loc":{"start":{"line":9,"column":30},"end":{"line":9,"column":46}}},"2":{"name":"easeOutQuad","decl":{"start":{"line":10,"column":16},"end":{"line":10,"column":7}},"loc":{"start":{"line":10,"column":31},"end":{"line":10,"column":53}}},"3":{"name":"easeInOutQuad","decl":{"start":{"line":11,"column":16},"end":{"line":11,"column":7}},"loc":{"start":{"line":11,"column":33},"end":{"line":11,"column":86}}},"4":{"name":"easeInCubic","decl":{"start":{"line":12,"column":16},"end":{"line":12,"column":7}},"loc":{"start":{"line":12,"column":31},"end":{"line":12,"column":51}}},"5":{"name":"easeOutCubic","decl":{"start":{"line":13,"column":16},"end":{"line":13,"column":7}},"loc":{"start":{"line":13,"column":32},"end":{"line":13,"column":60}}},"6":{"name":"easeInOutCubic","decl":{"start":{"line":14,"column":16},"end":{"line":14,"column":7}},"loc":{"start":{"line":14,"column":34},"end":{"line":14,"column":110}}},"7":{"name":"easeInQuart","decl":{"start":{"line":15,"column":16},"end":{"line":15,"column":7}},"loc":{"start":{"line":15,"column":31},"end":{"line":15,"column":55}}},"8":{"name":"easeOutQuart","decl":{"start":{"line":16,"column":16},"end":{"line":16,"column":7}},"loc":{"start":{"line":16,"column":32},"end":{"line":16,"column":64}}},"9":{"name":"easeInOutQuart","decl":{"start":{"line":17,"column":16},"end":{"line":17,"column":7}},"loc":{"start":{"line":17,"column":34},"end":{"line":17,"column":100}}},"10":{"name":"easeInQuint","decl":{"start":{"line":18,"column":16},"end":{"line":18,"column":7}},"loc":{"start":{"line":18,"column":31},"end":{"line":18,"column":59}}},"11":{"name":"easeOutQuint","decl":{"start":{"line":19,"column":16},"end":{"line":19,"column":7}},"loc":{"start":{"line":19,"column":32},"end":{"line":19,"column":68}}},"12":{"name":"easeInOutQuint","decl":{"start":{"line":20,"column":16},"end":{"line":20,"column":7}},"loc":{"start":{"line":20,"column":34},"end":{"line":20,"column":110}}}},"branchMap":{"0":{"loc":{"start":{"line":11,"column":52},"end":{"line":11,"column":42}},"type":"cond-expr","locations":[{"start":{"line":11,"column":52},"end":{"line":11,"column":42}},{"start":{"line":11,"column":64},"end":{"line":11,"column":35}}]},"1":{"loc":{"start":{"line":14,"column":53},"end":{"line":14,"column":43}},"type":"cond-expr","locations":[{"start":{"line":14,"column":53},"end":{"line":14,"column":43}},{"start":{"line":14,"column":69},"end":{"line":14,"column":36}}]},"2":{"loc":{"start":{"line":17,"column":53},"end":{"line":17,"column":43}},"type":"cond-expr","locations":[{"start":{"line":17,"column":53},"end":{"line":17,"column":43}},{"start":{"line":17,"column":73},"end":{"line":17,"column":36}}]},"3":{"loc":{"start":{"line":20,"column":53},"end":{"line":20,"column":43}},"type":"cond-expr","locations":[{"start":{"line":20,"column":53},"end":{"line":20,"column":43}},{"start":{"line":20,"column":78},"end":{"line":20,"column":36}}]}},"s":{"0":0,"1":0,"2":0,"3":0,"4":0,"5":0,"6":0,"7":0,"8":0,"9":0,"10":0,"11":0,"12":0},"f":{"0":0,"1":0,"2":0,"3":0,"4":0,"5":0,"6":0,"7":0,"8":0,"9":0,"10":0,"11":0,"12":0},"b":{"0":[0,0],"1":[0,0],"2":[0,0],"3":[0,0]}}
,"/Users/vincent.defeo/Workspace/okiba-gang/okiba/packages/event-emitter/index.js": {"path":"/Users/vincent.defeo/Workspace/okiba-gang/okiba/packages/event-emitter/index.js","statementMap":{"0":{"start":{"line":16,"column":16},"end":{"line":null,"column":-1}},"1":{"start":{"line":17,"column":4},"end":{"line":null,"column":-1}},"2":{"start":{"line":26,"column":4},"end":{"line":null,"column":-1}},"3":{"start":{"line":37,"column":4},"end":{"line":37,"column":24}},"4":{"start":{"line":37,"column":24},"end":{"line":null,"column":-1}},"5":{"start":{"line":39,"column":14},"end":{"line":39,"column":4}},"6":{"start":{"line":40,"column":4},"end":{"line":40,"column":15}},"7":{"start":{"line":40,"column":15},"end":{"line":null,"column":-1}},"8":{"start":{"line":42,"column":4},"end":{"line":null,"column":-1}},"9":{"start":{"line":53,"column":4},"end":{"line":53,"column":24}},"10":{"start":{"line":53,"column":24},"end":{"line":null,"column":-1}},"11":{"start":{"line":55,"column":4},"end":{"line":57,"column":5}},"12":{"start":{"line":56,"column":6},"end":{"line":null,"column":-1}}},"fnMap":{"0":{"name":"EventEmitter","decl":{"start":{"line":16,"column":2},"end":{"line":16,"column":15}},"loc":{"start":{"line":16,"column":16},"end":{"line":18,"column":3}}}},"branchMap":{"0":{"loc":{"start":{"line":27,"column":6},"end":{"line":27,"column":23}},"type":"binary-expr","locations":[{"start":{"line":27,"column":6},"end":{"line":27,"column":23}},{"start":{"line":27,"column":24},"end":{"line":27,"column":6}}]},"1":{"loc":{"start":{"line":37,"column":4},"end":{"line":37,"column":24}},"type":"if","locations":[{"start":{"line":37,"column":4},"end":{"line":37,"column":24}},{"start":{"line":37,"column":4},"end":{"line":37,"column":24}}]},"2":{"loc":{"start":{"line":40,"column":4},"end":{"line":40,"column":15}},"type":"if","locations":[{"start":{"line":40,"column":4},"end":{"line":40,"column":15}},{"start":{"line":40,"column":4},"end":{"line":40,"column":15}}]},"3":{"loc":{"start":{"line":53,"column":4},"end":{"line":53,"column":24}},"type":"if","locations":[{"start":{"line":53,"column":4},"end":{"line":53,"column":24}},{"start":{"line":53,"column":4},"end":{"line":53,"column":24}}]}},"s":{"0":0,"1":0,"2":0,"3":0,"4":0,"5":0,"6":0,"7":0,"8":0,"9":0,"10":0,"11":0,"12":0},"f":{"0":0},"b":{"0":[0,0],"1":[0,0],"2":[0,0],"3":[0,0]}}
,"/Users/vincent.defeo/Workspace/okiba-gang/okiba/packages/evented-component/index.js": {"path":"/Users/vincent.defeo/Workspace/okiba-gang/okiba/packages/evented-component/index.js","statementMap":{"0":{"start":{"line":53,"column":0},"end":{"line":null,"column":-1}},"1":{"start":{"line":54,"column":0},"end":{"line":null,"column":-1}},"2":{"start":{"line":58,"column":20},"end":{"line":null,"column":-1}},"3":{"start":{"line":60,"column":4},"end":{"line":null,"column":-1}},"4":{"start":{"line":65,"column":4},"end":{"line":null,"column":-1}},"5":{"start":{"line":71,"column":4},"end":{"line":null,"column":-1}},"6":{"start":{"line":77,"column":4},"end":{"line":null,"column":-1}}},"fnMap":{"0":{"name":"EventedComponent","decl":{"start":{"line":58,"column":2},"end":{"line":58,"column":13}},"loc":{"start":{"line":58,"column":20},"end":{"line":78,"column":3}}}},"branchMap":{"0":{"loc":{"start":{"line":58,"column":20},"end":{"line":59,"column":9}},"type":"binary-expr","locations":[{"start":{"line":58,"column":20},"end":{"line":59,"column":9}},{"start":{"line":58,"column":20},"end":{"line":59,"column":9}}]}},"s":{"0":0,"1":0,"2":0,"3":0,"4":0,"5":0,"6":0},"f":{"0":0},"b":{"0":[0,0]}}
,"/Users/vincent.defeo/Workspace/okiba-gang/okiba/packages/math/index.js": {"path":"/Users/vincent.defeo/Workspace/okiba-gang/okiba/packages/math/index.js","statementMap":{"0":{"start":{"line":19,"column":2},"end":{"line":null,"column":-1}},"1":{"start":{"line":36,"column":2},"end":{"line":null,"column":-1}},"2":{"start":{"line":52,"column":2},"end":{"line":null,"column":-1}},"3":{"start":{"line":56,"column":17},"end":{"line":56,"column":0}},"4":{"start":{"line":68,"column":32},"end":{"line":68,"column":31}},"5":{"start":{"line":69,"column":2},"end":{"line":71,"column":3}},"6":{"start":{"line":70,"column":4},"end":{"line":null,"column":-1}},"7":{"start":{"line":72,"column":2},"end":{"line":null,"column":-1}}},"fnMap":{"0":{"name":"lerp","decl":{"start":{"line":18,"column":16},"end":{"line":18,"column":7}},"loc":{"start":{"line":18,"column":41},"end":{"line":20,"column":1}}},"1":{"name":"cap","decl":{"start":{"line":35,"column":16},"end":{"line":35,"column":7}},"loc":{"start":{"line":35,"column":33},"end":{"line":37,"column":1}}},"2":{"name":"distance","decl":{"start":{"line":51,"column":16},"end":{"line":51,"column":7}},"loc":{"start":{"line":51,"column":33},"end":{"line":53,"column":1}}},"3":{"name":"round","decl":{"start":{"line":68,"column":16},"end":{"line":68,"column":7}},"loc":{"start":{"line":68,"column":32},"end":{"line":73,"column":1}}}},"branchMap":{"0":{"loc":{"start":{"line":68,"column":32},"end":{"line":68,"column":28}},"type":"cond-expr","locations":[{"start":{"line":68,"column":32},"end":{"line":68,"column":28}},{"start":{"line":68,"column":29},"end":{"line":68,"column":32}}]},"1":{"loc":{"start":{"line":68,"column":32},"end":{"line":68,"column":28}},"type":"binary-expr","locations":[{"start":{"line":68,"column":32},"end":{"line":68,"column":28}},{"start":{"line":68,"column":32},"end":{"line":68,"column":28}}]},"2":{"loc":{"start":{"line":69,"column":2},"end":{"line":71,"column":3}},"type":"if","locations":[{"start":{"line":69,"column":2},"end":{"line":71,"column":3}},{"start":{"line":69,"column":2},"end":{"line":71,"column":3}}]}},"s":{"0":0,"1":0,"2":0,"3":0,"4":0,"5":0,"6":0,"7":0},"f":{"0":0,"1":0,"2":0,"3":0},"b":{"0":[0,0],"1":[0,0],"2":[0,0]}}
,"/Users/vincent.defeo/Workspace/okiba-gang/okiba/packages/pool-system/index.js": {"path":"/Users/vincent.defeo/Workspace/okiba-gang/okiba/packages/pool-system/index.js","statementMap":{"0":{"start":{"line":23,"column":4},"end":{"line":23,"column":24}},"1":{"start":{"line":24,"column":4},"end":{"line":24,"column":28}},"2":{"start":{"line":25,"column":4},"end":{"line":25,"column":17}},"3":{"start":{"line":26,"column":4},"end":{"line":26,"column":18}},"4":{"start":{"line":37,"column":4},"end":{"line":37,"column":33}},"5":{"start":{"line":37,"column":27},"end":{"line":37,"column":33}},"6":{"start":{"line":39,"column":17},"end":{"line":39,"column":33}},"7":{"start":{"line":41,"column":4},"end":{"line":45,"column":5}},"8":{"start":{"line":42,"column":17},"end":{"line":42,"column":32}},"9":{"start":{"line":43,"column":6},"end":{"line":43,"column":24}},"10":{"start":{"line":44,"column":6},"end":{"line":44,"column":33}},"11":{"start":{"line":47,"column":4},"end":{"line":47,"column":20}},"12":{"start":{"line":58,"column":4},"end":{"line":60,"column":5}},"13":{"start":{"line":59,"column":6},"end":{"line":59,"column":32}},"14":{"start":{"line":62,"column":4},"end":{"line":62,"column":26}},"15":{"start":{"line":71,"column":4},"end":{"line":71,"column":22}},"16":{"start":{"line":78,"column":4},"end":{"line":78,"column":20}},"17":{"start":{"line":79,"column":4},"end":{"line":79,"column":22}},"18":{"start":{"line":80,"column":4},"end":{"line":80,"column":24}},"19":{"start":{"line":81,"column":4},"end":{"line":81,"column":20}}},"fnMap":{"0":{"name":"(anonymous_0)","decl":{"start":{"line":22,"column":2},"end":{"line":22,"column":3}},"loc":{"start":{"line":22,"column":32},"end":{"line":27,"column":3}},"line":22},"1":{"name":"(anonymous_1)","decl":{"start":{"line":36,"column":2},"end":{"line":36,"column":3}},"loc":{"start":{"line":36,"column":15},"end":{"line":48,"column":3}},"line":36},"2":{"name":"(anonymous_2)","decl":{"start":{"line":57,"column":2},"end":{"line":57,"column":3}},"loc":{"start":{"line":57,"column":8},"end":{"line":63,"column":3}},"line":57},"3":{"name":"(anonymous_3)","decl":{"start":{"line":70,"column":2},"end":{"line":70,"column":3}},"loc":{"start":{"line":70,"column":11},"end":{"line":72,"column":3}},"line":70},"4":{"name":"(anonymous_4)","decl":{"start":{"line":77,"column":2},"end":{"line":77,"column":3}},"loc":{"start":{"line":77,"column":12},"end":{"line":82,"column":3}},"line":77}},"branchMap":{"0":{"loc":{"start":{"line":37,"column":4},"end":{"line":37,"column":33}},"type":"if","locations":[{"start":{"line":37,"column":4},"end":{"line":37,"column":33}},{"start":{"line":37,"column":4},"end":{"line":37,"column":33}}],"line":37},"1":{"loc":{"start":{"line":58,"column":4},"end":{"line":60,"column":5}},"type":"if","locations":[{"start":{"line":58,"column":4},"end":{"line":60,"column":5}},{"start":{"line":58,"column":4},"end":{"line":60,"column":5}}],"line":58}},"s":{"0":4,"1":4,"2":4,"3":4,"4":7,"5":3,"6":4,"7":4,"8":22,"9":22,"10":22,"11":4,"12":14,"13":2,"14":14,"15":11,"16":1,"17":1,"18":1,"19":1},"f":{"0":4,"1":7,"2":14,"3":11,"4":1},"b":{"0":[3,4],"1":[2,12]},"_coverageSchema":"332fd63041d2c1bcb487cc26dd0d5f7d97098a6c","hash":"c9007970a0b59328cd5c2636d62f6c1c3f8cea5e"}
,"/Users/vincent.defeo/Workspace/okiba-gang/okiba/packages/resource-loader/index.js": {"path":"/Users/vincent.defeo/Workspace/okiba-gang/okiba/packages/resource-loader/index.js","statementMap":{"0":{"start":{"line":15,"column":0},"end":{"line":null,"column":-1}},"1":{"start":{"line":18,"column":2},"end":{"line":null,"column":-1}},"2":{"start":{"line":20,"column":16},"end":{"line":20,"column":15}},"3":{"start":{"line":21,"column":6},"end":{"line":null,"column":-1}},"4":{"start":{"line":27,"column":16},"end":{"line":null,"column":-1}},"5":{"start":{"line":28,"column":4},"end":{"line":null,"column":-1}},"6":{"start":{"line":29,"column":4},"end":{"line":31,"column":5}},"7":{"start":{"line":30,"column":6},"end":{"line":null,"column":-1}},"8":{"start":{"line":39,"column":4},"end":{"line":39,"column":25}},"9":{"start":{"line":39,"column":25},"end":{"line":null,"column":-1}},"10":{"start":{"line":40,"column":4},"end":{"line":null,"column":-1}},"11":{"start":{"line":42,"column":4},"end":{"line":46,"column":5}},"12":{"start":{"line":43,"column":6},"end":{"line":null,"column":-1}},"13":{"start":{"line":45,"column":6},"end":{"line":null,"column":-1}}},"fnMap":{"0":{"name":"workerScript","decl":{"start":{"line":17,"column":9},"end":{"line":17,"column":0}},"loc":{"start":{"line":17,"column":24},"end":{"line":24,"column":1}}},"1":{"name":"(anonymous_5)","decl":{"start":{"line":20,"column":4},"end":{"line":20,"column":15}},"loc":{"start":{"line":20,"column":16},"end":{"line":18,"column":2}}},"2":{"name":"ResourceLoader","decl":{"start":{"line":27,"column":2},"end":{"line":27,"column":15}},"loc":{"start":{"line":27,"column":16},"end":{"line":32,"column":3}}}},"branchMap":{"0":{"loc":{"start":{"line":29,"column":4},"end":{"line":31,"column":5}},"type":"if","locations":[{"start":{"line":29,"column":4},"end":{"line":31,"column":5}},{"start":{"line":29,"column":4},"end":{"line":31,"column":5}}]},"1":{"loc":{"start":{"line":39,"column":4},"end":{"line":39,"column":25}},"type":"if","locations":[{"start":{"line":39,"column":4},"end":{"line":39,"column":25}},{"start":{"line":39,"column":4},"end":{"line":39,"column":25}}]},"2":{"loc":{"start":{"line":42,"column":4},"end":{"line":46,"column":5}},"type":"if","locations":[{"start":{"line":42,"column":4},"end":{"line":46,"column":5}},{"start":{"line":42,"column":4},"end":{"line":46,"column":5}}]}},"s":{"0":0,"1":0,"2":0,"3":0,"4":0,"5":0,"6":0,"7":0,"8":0,"9":0,"10":0,"11":0,"12":0,"13":0},"f":{"0":0,"1":0,"2":0},"b":{"0":[0,0],"1":[0,0],"2":[0,0]}}
,"/Users/vincent.defeo/Workspace/okiba-gang/okiba/packages/search/index.js": {"path":"/Users/vincent.defeo/Workspace/okiba-gang/okiba/packages/search/index.js","statementMap":{"0":{"start":{"line":16,"column":17},"end":{"line":16,"column":2}},"1":{"start":{"line":17,"column":18},"end":{"line":17,"column":2}},"2":{"start":{"line":19,"column":2},"end":{"line":19,"column":25}},"3":{"start":{"line":19,"column":25},"end":{"line":null,"column":-1}},"4":{"start":{"line":21,"column":2},"end":{"line":21,"column":26}},"5":{"start":{"line":21,"column":26},"end":{"line":null,"column":-1}},"6":{"start":{"line":22,"column":2},"end":{"line":22,"column":24}},"7":{"start":{"line":22,"column":24},"end":{"line":null,"column":-1}},"8":{"start":{"line":23,"column":2},"end":{"line":null,"column":-1}}},"fnMap":{"0":{"name":"binarySearch","decl":{"start":{"line":15,"column":16},"end":{"line":15,"column":7}},"loc":{"start":{"line":15,"column":61},"end":{"line":24,"column":1}}}},"branchMap":{"0":{"loc":{"start":{"line":17,"column":25},"end":{"line":17,"column":18}},"type":"cond-expr","locations":[{"start":{"line":17,"column":25},"end":{"line":17,"column":18}},{"start":{"line":17,"column":46},"end":{"line":17,"column":2}}]},"1":{"loc":{"start":{"line":19,"column":2},"end":{"line":19,"column":25}},"type":"if","locations":[{"start":{"line":19,"column":2},"end":{"line":19,"column":25}},{"start":{"line":19,"column":2},"end":{"line":19,"column":25}}]},"2":{"loc":{"start":{"line":21,"column":2},"end":{"line":21,"column":26}},"type":"if","locations":[{"start":{"line":21,"column":2},"end":{"line":21,"column":26}},{"start":{"line":21,"column":2},"end":{"line":21,"column":26}}]},"3":{"loc":{"start":{"line":22,"column":2},"end":{"line":22,"column":24}},"type":"if","locations":[{"start":{"line":22,"column":2},"end":{"line":22,"column":24}},{"start":{"line":22,"column":2},"end":{"line":22,"column":24}}]}},"s":{"0":0,"1":0,"2":0,"3":0,"4":0,"5":0,"6":0,"7":0,"8":0},"f":{"0":0},"b":{"0":[0,0],"1":[0,0],"2":[0,0],"3":[0,0]}}
,"/Users/vincent.defeo/Workspace/okiba-gang/okiba/packages/time-progress/index.js": {"path":"/Users/vincent.defeo/Workspace/okiba-gang/okiba/packages/time-progress/index.js","statementMap":{"0":{"start":{"line":24,"column":0},"end":{"line":null,"column":-1}},"1":{"start":{"line":27,"column":2},"end":{"line":33,"column":3}},"2":{"start":{"line":28,"column":4},"end":{"line":null,"column":-1}},"3":{"start":{"line":29,"column":9},"end":{"line":33,"column":3}},"4":{"start":{"line":30,"column":4},"end":{"line":null,"column":-1}},"5":{"start":{"line":32,"column":4},"end":{"line":null,"column":-1}},"6":{"start":{"line":37,"column":2},"end":{"line":null,"column":-1}},"7":{"start":{"line":38,"column":2},"end":{"line":40,"column":3}},"8":{"start":{"line":39,"column":4},"end":{"line":null,"column":-1}},"9":{"start":{"line":41,"column":2},"end":{"line":null,"column":-1}},"10":{"start":{"line":42,"column":2},"end":{"line":null,"column":-1}},"11":{"start":{"line":49,"column":30},"end":{"line":49,"column":29}},"12":{"start":{"line":49,"column":30},"end":{"line":null,"column":-1}},"13":{"start":{"line":50,"column":4},"end":{"line":null,"column":-1}},"14":{"start":{"line":51,"column":4},"end":{"line":null,"column":-1}},"15":{"start":{"line":59,"column":4},"end":{"line":null,"column":-1}},"16":{"start":{"line":60,"column":4},"end":{"line":null,"column":-1}},"17":{"start":{"line":61,"column":4},"end":{"line":null,"column":-1}},"18":{"start":{"line":62,"column":4},"end":{"line":null,"column":-1}},"19":{"start":{"line":63,"column":4},"end":{"line":null,"column":-1}},"20":{"start":{"line":64,"column":4},"end":{"line":null,"column":-1}},"21":{"start":{"line":65,"column":4},"end":{"line":null,"column":-1}},"22":{"start":{"line":72,"column":4},"end":{"line":null,"column":-1}},"23":{"start":{"line":73,"column":4},"end":{"line":null,"column":-1}},"24":{"start":{"line":74,"column":4},"end":{"line":null,"column":-1}},"25":{"start":{"line":82,"column":4},"end":{"line":null,"column":-1}},"26":{"start":{"line":83,"column":4},"end":{"line":null,"column":-1}},"27":{"start":{"line":84,"column":4},"end":{"line":null,"column":-1}},"28":{"start":{"line":94,"column":4},"end":{"line":null,"column":-1}},"29":{"start":{"line":101,"column":4},"end":{"line":null,"column":-1}}},"fnMap":{"0":{"name":"checkActive","decl":{"start":{"line":26,"column":9},"end":{"line":26,"column":0}},"loc":{"start":{"line":26,"column":23},"end":{"line":34,"column":1}}},"1":{"name":"updateDelta","decl":{"start":{"line":36,"column":9},"end":{"line":36,"column":0}},"loc":{"start":{"line":36,"column":23},"end":{"line":43,"column":1}}},"2":{"name":"TimeProgress","decl":{"start":{"line":49,"column":2},"end":{"line":49,"column":29}},"loc":{"start":{"line":49,"column":30},"end":{"line":52,"column":3}}}},"branchMap":{"0":{"loc":{"start":{"line":27,"column":2},"end":{"line":33,"column":3}},"type":"if","locations":[{"start":{"line":27,"column":2},"end":{"line":33,"column":3}},{"start":{"line":27,"column":2},"end":{"line":33,"column":3}}]},"1":{"loc":{"start":{"line":27,"column":6},"end":{"line":27,"column":5}},"type":"binary-expr","locations":[{"start":{"line":27,"column":6},"end":{"line":27,"column":5}},{"start":{"line":27,"column":31},"end":{"line":27,"column":2}}]},"2":{"loc":{"start":{"line":29,"column":9},"end":{"line":33,"column":3}},"type":"if","locations":[{"start":{"line":29,"column":9},"end":{"line":33,"column":3}},{"start":{"line":29,"column":9},"end":{"line":33,"column":3}}]},"3":{"loc":{"start":{"line":29,"column":13},"end":{"line":29,"column":12}},"type":"binary-expr","locations":[{"start":{"line":29,"column":13},"end":{"line":29,"column":12}},{"start":{"line":29,"column":37},"end":{"line":29,"column":9}}]},"4":{"loc":{"start":{"line":38,"column":2},"end":{"line":40,"column":3}},"type":"if","locations":[{"start":{"line":38,"column":2},"end":{"line":40,"column":3}},{"start":{"line":38,"column":2},"end":{"line":40,"column":3}}]},"5":{"loc":{"start":{"line":49,"column":30},"end":{"line":49,"column":24}},"type":"cond-expr","locations":[{"start":{"line":49,"column":30},"end":{"line":49,"column":24}},{"start":{"line":49,"column":25},"end":{"line":49,"column":30}}]},"6":{"loc":{"start":{"line":49,"column":30},"end":{"line":49,"column":24}},"type":"binary-expr","locations":[{"start":{"line":49,"column":30},"end":{"line":49,"column":24}},{"start":{"line":49,"column":30},"end":{"line":49,"column":24}}]}},"s":{"0":0,"1":0,"2":0,"3":0,"4":0,"5":0,"6":0,"7":0,"8":0,"9":0,"10":0,"11":0,"12":0,"13":0,"14":0,"15":0,"16":0,"17":0,"18":0,"19":0,"20":0,"21":0,"22":0,"23":0,"24":0,"25":0,"26":0,"27":0,"28":0,"29":0},"f":{"0":0,"1":0,"2":0},"b":{"0":[0,0],"1":[0,0],"2":[0,0],"3":[0,0],"4":[0,0],"5":[0,0],"6":[0,0]}}
,"/Users/vincent.defeo/Workspace/okiba-gang/okiba/packages/worker-proxy/index.js": {"path":"/Users/vincent.defeo/Workspace/okiba-gang/okiba/packages/worker-proxy/index.js","statementMap":{"0":{"start":{"line":6,"column":0},"end":{"line":null,"column":-1}},"1":{"start":{"line":9,"column":61},"end":{"line":null,"column":-1}},"2":{"start":{"line":9,"column":55},"end":{"line":9,"column":61}},"3":{"start":{"line":12,"column":4},"end":{"line":22,"column":5}},"4":{"start":{"line":13,"column":6},"end":{"line":null,"column":-1}},"5":{"start":{"line":14,"column":6},"end":{"line":null,"column":-1}},"6":{"start":{"line":15,"column":6},"end":{"line":null,"column":-1}},"7":{"start":{"line":16,"column":6},"end":{"line":null,"column":-1}},"8":{"start":{"line":16,"column":29},"end":{"line":null,"column":-1}},"9":{"start":{"line":18,"column":6},"end":{"line":null,"column":-1}},"10":{"start":{"line":19,"column":6},"end":{"line":null,"column":-1}},"11":{"start":{"line":20,"column":6},"end":{"line":null,"column":-1}},"12":{"start":{"line":21,"column":6},"end":{"line":null,"column":-1}},"13":{"start":{"line":25,"column":26},"end":{"line":25,"column":25}},"14":{"start":{"line":26,"column":4},"end":{"line":null,"column":-1}},"15":{"start":{"line":30,"column":4},"end":{"line":36,"column":5}},"16":{"start":{"line":31,"column":6},"end":{"line":null,"column":-1}},"17":{"start":{"line":31,"column":39},"end":{"line":null,"column":-1}},"18":{"start":{"line":31,"column":33},"end":{"line":31,"column":39}},"19":{"start":{"line":32,"column":8},"end":{"line":null,"column":-1}},"20":{"start":{"line":35,"column":6},"end":{"line":null,"column":-1}},"21":{"start":{"line":39,"column":19},"end":{"line":null,"column":-1}},"22":{"start":{"line":39,"column":13},"end":{"line":39,"column":19}},"23":{"start":{"line":40,"column":4},"end":{"line":45,"column":5}},"24":{"start":{"line":41,"column":6},"end":{"line":null,"column":-1}},"25":{"start":{"line":42,"column":6},"end":{"line":null,"column":-1}},"26":{"start":{"line":43,"column":11},"end":{"line":45,"column":5}},"27":{"start":{"line":44,"column":6},"end":{"line":null,"column":-1}},"28":{"start":{"line":50,"column":19},"end":{"line":50,"column":2}},"29":{"start":{"line":51,"column":32},"end":{"line":51,"column":31}},"30":{"start":{"line":52,"column":6},"end":{"line":null,"column":-1}},"31":{"start":{"line":53,"column":6},"end":{"line":null,"column":-1}},"32":{"start":{"line":54,"column":8},"end":{"line":null,"column":-1}},"33":{"start":{"line":57,"column":46},"end":{"line":57,"column":45}},"34":{"start":{"line":58,"column":6},"end":{"line":null,"column":-1}},"35":{"start":{"line":62,"column":2},"end":{"line":null,"column":-1}},"36":{"start":{"line":62,"column":36},"end":{"line":62,"column":35}},"37":{"start":{"line":63,"column":4},"end":{"line":null,"column":-1}}},"fnMap":{"0":{"name":"WorkerProxy","decl":{"start":{"line":9,"column":2},"end":{"line":9,"column":13}},"loc":{"start":{"line":9,"column":61},"end":{"line":23,"column":3}}},"1":{"name":"(anonymous_11)","decl":{"start":{"line":16,"column":29},"end":{"line":null,"column":-1}},"loc":{"start":{"line":16,"column":29},"end":{"line":16,"column":6}}},"2":{"name":"(anonymous_14)","decl":{"start":{"line":31,"column":21},"end":{"line":31,"column":38}},"loc":{"start":{"line":31,"column":39},"end":{"line":31,"column":6}}},"3":{"name":"connect","decl":{"start":{"line":49,"column":16},"end":{"line":49,"column":7}},"loc":{"start":{"line":49,"column":38},"end":{"line":65,"column":1}}},"4":{"name":"init","decl":{"start":{"line":51,"column":19},"end":{"line":51,"column":10}},"loc":{"start":{"line":51,"column":32},"end":{"line":50,"column":19}}},"5":{"name":"(anonymous_18)","decl":{"start":{"line":53,"column":23},"end":{"line":53,"column":23}},"loc":{"start":{"line":53,"column":39},"end":{"line":53,"column":6}}},"6":{"name":"execute","decl":{"start":{"line":57,"column":22},"end":{"line":57,"column":13}},"loc":{"start":{"line":57,"column":46},"end":{"line":59,"column":5}}},"7":{"name":"onMessage","decl":{"start":{"line":62,"column":18},"end":{"line":62,"column":9}},"loc":{"start":{"line":62,"column":36},"end":{"line":62,"column":2}}}},"branchMap":{"0":{"loc":{"start":{"line":9,"column":61},"end":{"line":null,"column":-1}},"type":"binary-expr","locations":[{"start":{"line":9,"column":61},"end":{"line":null,"column":-1}},{"start":{"line":9,"column":61},"end":{"line":null,"column":-1}}]},"1":{"loc":{"start":{"line":12,"column":4},"end":{"line":22,"column":5}},"type":"if","locations":[{"start":{"line":12,"column":4},"end":{"line":22,"column":5}},{"start":{"line":12,"column":4},"end":{"line":22,"column":5}}]},"2":{"loc":{"start":{"line":30,"column":4},"end":{"line":36,"column":5}},"type":"if","locations":[{"start":{"line":30,"column":4},"end":{"line":36,"column":5}},{"start":{"line":30,"column":4},"end":{"line":36,"column":5}}]},"3":{"loc":{"start":{"line":40,"column":4},"end":{"line":45,"column":5}},"type":"if","locations":[{"start":{"line":40,"column":4},"end":{"line":45,"column":5}},{"start":{"line":40,"column":4},"end":{"line":45,"column":5}}]},"4":{"loc":{"start":{"line":43,"column":11},"end":{"line":45,"column":5}},"type":"if","locations":[{"start":{"line":43,"column":11},"end":{"line":45,"column":5}},{"start":{"line":43,"column":11},"end":{"line":45,"column":5}}]}},"s":{"0":0,"1":0,"2":0,"3":0,"4":0,"5":0,"6":0,"7":0,"8":0,"9":0,"10":0,"11":0,"12":0,"13":0,"14":0,"15":0,"16":0,"17":0,"18":0,"19":0,"20":0,"21":0,"22":0,"23":0,"24":0,"25":0,"26":0,"27":0,"28":0,"29":0,"30":0,"31":0,"32":0,"33":0,"34":0,"35":0,"36":0,"37":0},"f":{"0":0,"1":0,"2":0,"3":0,"4":0,"5":0,"6":0,"7":0},"b":{"0":[0,0],"1":[0,0],"2":[0,0],"3":[0,0],"4":[0,0]}}
,"/Users/vincent.defeo/Workspace/okiba-gang/okiba/packages/worker-utils/index.js": {"path":"/Users/vincent.defeo/Workspace/okiba-gang/okiba/packages/worker-utils/index.js","statementMap":{"0":{"start":{"line":12,"column":2},"end":{"line":null,"column":-1}}},"fnMap":{"0":{"name":"createWorker","decl":{"start":{"line":11,"column":16},"end":{"line":11,"column":7}},"loc":{"start":{"line":11,"column":37},"end":{"line":17,"column":1}}}},"branchMap":{},"s":{"0":0},"f":{"0":0},"b":{}}
}
