TN:
SF:/Users/vincent.defeo/Workspace/okiba-gang/okiba/packages/arrays/index.js
FN:18,arrayOrOne
FN:39,castArray
FNF:2
FNH:2
FNDA:9,arrayOrOne
FNDA:11,castArray
DA:19,9
DA:20,4
DA:23,5
DA:24,3
DA:27,2
DA:40,11
DA:42,10
DA:43,1
DA:46,9
DA:47,2
DA:50,7
LF:11
LH:11
BRDA:19,0,0,4
BRDA:19,0,1,5
BRDA:19,1,0,9
BRDA:19,1,1,8
BRDA:23,2,0,3
BRDA:23,2,1,2
BRDA:40,3,0,1
BRDA:40,3,1,10
BRDA:42,4,0,1
BRDA:42,4,1,9
BRDA:46,5,0,2
BRDA:46,5,1,7
BRDA:46,6,0,9
BRDA:46,6,1,9
BRF:14
BRH:14
end_of_record
TN:
SF:/Users/vincent.defeo/Workspace/okiba-gang/okiba/packages/component/index.js
FN:88,(anonymous_0)
FN:97,(anonymous_1)
FN:113,(anonymous_2)
FN:119,(anonymous_3)
FN:142,(anonymous_4)
FN:145,(anonymous_5)
FN:149,(anonymous_6)
FNF:7
FNH:7
FNDA:6,(anonymous_0)
FNDA:2,(anonymous_1)
FNDA:3,(anonymous_2)
FNDA:2,(anonymous_3)
FNDA:4,(anonymous_4)
FNDA:2,(anonymous_5)
FNDA:3,(anonymous_6)
DA:89,6
DA:91,6
DA:92,2
DA:95,6
DA:96,2
DA:98,2
DA:100,2
DA:101,1
DA:103,1
DA:106,1
DA:111,5
DA:112,2
DA:114,3
DA:115,3
DA:117,3
DA:118,2
DA:119,2
DA:122,1
DA:125,2
DA:143,4
DA:144,1
DA:145,2
DA:149,3
DA:153,4
DA:154,2
LF:25
LH:25
BRDA:91,0,0,2
BRDA:91,0,1,4
BRDA:95,1,0,2
BRDA:95,1,1,4
BRDA:100,2,0,1
BRDA:100,2,1,1
BRDA:111,3,0,2
BRDA:111,3,1,3
BRDA:117,4,0,2
BRDA:117,4,1,1
BRDA:118,5,0,1
BRDA:118,5,1,1
BRDA:143,6,0,1
BRDA:143,6,1,3
BRDA:145,7,0,1
BRDA:145,7,1,1
BRDA:153,8,0,2
BRDA:153,8,1,2
BRF:18
BRH:18
end_of_record
TN:
SF:/Users/vincent.defeo/Workspace/okiba-gang/okiba/packages/dom/index.js
FN:20,qsa
FNF:1
FNH:1
FNDA:6,qsa
DA:21,6
LF:1
LH:1
BRDA:20,0,0,0
BRF:1
BRH:0
end_of_record
TN:
SF:/Users/vincent.defeo/Workspace/okiba-gang/okiba/packages/drag-emitter/index.js
FN:20,DragEmitter
FNF:1
FNH:0
FNDA:0,DragEmitter
DA:5,0
DA:20,0
DA:22,0
DA:23,0
DA:24,0
DA:32,0
DA:33,0
DA:37,0
DA:38,0
DA:42,0
DA:44,0
DA:45,0
DA:46,0
DA:47,0
DA:51,0
DA:52,0
DA:55,0
DA:59,0
DA:66,0
DA:67,0
DA:71,0
DA:75,0
DA:79,0
DA:83,0
DA:84,0
DA:89,0
DA:93,0
DA:94,0
DA:95,0
DA:97,0
DA:98,0
DA:99,0
DA:103,0
DA:104,0
DA:105,0
DA:107,0
DA:108,0
DA:109,0
DA:113,0
DA:114,0
DA:115,0
DA:117,0
DA:118,0
DA:119,0
LF:44
LH:0
BRDA:20,0,0,0
BRDA:20,0,1,0
BRDA:42,1,0,0
BRDA:42,1,1,0
BRDA:51,2,0,0
BRDA:51,2,1,0
BRDA:83,3,0,0
BRDA:83,3,1,0
BRF:8
BRH:0
end_of_record
TN:
SF:/Users/vincent.defeo/Workspace/okiba-gang/okiba/packages/easings/index.js
FN:13,linear
FN:19,easeInQuad
FN:25,easeOutQuad
FN:32,easeInOutQuad
FN:39,easeInCubic
FN:46,easeOutCubic
FN:53,easeInOutCubic
FN:60,easeInQuart
FN:67,easeOutQuart
FN:74,easeInOutQuart
FN:81,easeInQuint
FN:88,easeOutQuint
FN:95,easeInOutQuint
FNF:13
FNH:0
FNDA:0,linear
FNDA:0,easeInQuad
FNDA:0,easeOutQuad
FNDA:0,easeInOutQuad
FNDA:0,easeInCubic
FNDA:0,easeOutCubic
FNDA:0,easeInOutCubic
FNDA:0,easeInQuart
FNDA:0,easeOutQuart
FNDA:0,easeInOutQuart
FNDA:0,easeInQuint
FNDA:0,easeOutQuint
FNDA:0,easeInOutQuint
DA:13,0
DA:19,0
DA:25,0
DA:32,0
DA:39,0
DA:46,0
DA:53,0
DA:60,0
DA:67,0
DA:74,0
DA:81,0
DA:88,0
DA:95,0
LF:13
LH:0
BRDA:32,0,0,0
BRDA:32,0,1,0
BRDA:53,1,0,0
BRDA:53,1,1,0
BRDA:74,2,0,0
BRDA:74,2,1,0
BRDA:95,3,0,0
BRDA:95,3,1,0
BRF:8
BRH:0
end_of_record
TN:
SF:/Users/vincent.defeo/Workspace/okiba-gang/okiba/packages/eslint-config/index.js
FNF:0
FNH:0
DA:1,0
LF:1
LH:0
BRF:0
BRH:0
end_of_record
TN:
SF:/Users/vincent.defeo/Workspace/okiba-gang/okiba/packages/event-emitter/index.js
FN:16,EventEmitter
FNF:1
FNH:0
FNDA:0,EventEmitter
DA:16,0
DA:17,0
DA:26,0
DA:37,0
DA:39,0
DA:40,0
DA:42,0
DA:53,0
DA:55,0
DA:56,0
LF:10
LH:0
BRDA:27,0,0,0
BRDA:27,0,1,0
BRDA:37,1,0,0
BRDA:37,1,1,0
BRDA:40,2,0,0
BRDA:40,2,1,0
BRDA:53,3,0,0
BRDA:53,3,1,0
BRF:8
BRH:0
end_of_record
TN:
SF:/Users/vincent.defeo/Workspace/okiba-gang/okiba/packages/evented-component/index.js
FN:58,EventedComponent
FNF:1
FNH:0
FNDA:0,EventedComponent
DA:53,0
DA:54,0
DA:58,0
DA:60,0
DA:65,0
DA:71,0
DA:77,0
LF:7
LH:0
BRDA:58,0,0,0
BRDA:58,0,1,0
BRF:2
BRH:0
end_of_record
TN:
SF:/Users/vincent.defeo/Workspace/okiba-gang/okiba/packages/math/index.js
FN:18,lerp
FN:35,cap
FN:51,distance
FN:68,round
FNF:4
FNH:0
FNDA:0,lerp
FNDA:0,cap
FNDA:0,distance
FNDA:0,round
DA:19,0
DA:36,0
DA:52,0
DA:56,0
DA:68,0
DA:69,0
DA:70,0
DA:72,0
LF:8
LH:0
BRDA:68,0,0,0
BRDA:68,0,1,0
BRDA:68,1,0,0
BRDA:68,1,1,0
BRDA:69,2,0,0
BRDA:69,2,1,0
BRF:6
BRH:0
end_of_record
TN:
SF:/Users/vincent.defeo/Workspace/okiba-gang/okiba/packages/pool-system/index.js
FN:28,PoolSystem
FNF:1
FNH:0
FNDA:0,PoolSystem
DA:28,0
DA:29,0
DA:30,0
DA:31,0
DA:32,0
DA:49,0
DA:51,0
DA:53,0
DA:54,0
DA:55,0
DA:56,0
DA:59,0
DA:70,0
DA:71,0
DA:74,0
DA:82,0
DA:89,0
DA:90,0
DA:91,0
LF:19
LH:0
BRDA:49,0,0,0
BRDA:49,0,1,0
BRDA:70,1,0,0
BRDA:70,1,1,0
BRF:4
BRH:0
end_of_record
TN:
SF:/Users/vincent.defeo/Workspace/okiba-gang/okiba/packages/resource-loader/index.js
FN:17,workerScript
FN:20,(anonymous_5)
FN:27,ResourceLoader
FNF:3
FNH:0
FNDA:0,workerScript
FNDA:0,(anonymous_5)
FNDA:0,ResourceLoader
DA:15,0
DA:18,0
DA:20,0
DA:21,0
DA:27,0
DA:28,0
DA:29,0
DA:30,0
DA:39,0
DA:40,0
DA:42,0
DA:43,0
DA:45,0
LF:13
LH:0
BRDA:29,0,0,0
BRDA:29,0,1,0
BRDA:39,1,0,0
BRDA:39,1,1,0
BRDA:42,2,0,0
BRDA:42,2,1,0
BRF:6
BRH:0
end_of_record
TN:
SF:/Users/vincent.defeo/Workspace/okiba-gang/okiba/packages/search/index.js
FN:15,binarySearch
FNF:1
FNH:0
FNDA:0,binarySearch
DA:16,0
DA:17,0
DA:19,0
DA:21,0
DA:22,0
DA:23,0
LF:6
LH:0
BRDA:17,0,0,0
BRDA:17,0,1,0
BRDA:19,1,0,0
BRDA:19,1,1,0
BRDA:21,2,0,0
BRDA:21,2,1,0
BRDA:22,3,0,0
BRDA:22,3,1,0
BRF:8
BRH:0
end_of_record
TN:
SF:/Users/vincent.defeo/Workspace/okiba-gang/okiba/packages/time-progress/index.js
FN:3,checkActive
FN:13,updateDelta
FN:23,TimeProgress
FNF:3
FNH:0
FNDA:0,checkActive
FNDA:0,updateDelta
FNDA:0,TimeProgress
DA:1,0
DA:4,0
DA:5,0
DA:6,0
DA:7,0
DA:9,0
DA:14,0
DA:15,0
DA:16,0
DA:18,0
DA:19,0
DA:23,0
DA:24,0
DA:25,0
DA:29,0
DA:33,0
DA:34,0
DA:35,0
DA:39,0
DA:40,0
DA:41,0
DA:42,0
DA:43,0
DA:44,0
DA:45,0
DA:49,0
DA:50,0
DA:51,0
LF:28
LH:0
BRDA:4,0,0,0
BRDA:4,0,1,0
BRDA:4,1,0,0
BRDA:4,1,1,0
BRDA:6,2,0,0
BRDA:6,2,1,0
BRDA:6,3,0,0
BRDA:6,3,1,0
BRDA:15,4,0,0
BRDA:15,4,1,0
BRDA:23,5,0,0
BRDA:23,5,1,0
BRDA:23,6,0,0
BRDA:23,6,1,0
BRDA:29,7,0,0
BRDA:29,7,1,0
BRF:16
BRH:0
end_of_record
TN:
SF:/Users/vincent.defeo/Workspace/okiba-gang/okiba/packages/worker-proxy/index.js
FN:4,WorkerProxy
FN:11,(anonymous_11)
FN:26,(anonymous_14)
FN:44,connect
FN:46,init
FN:48,(anonymous_18)
FN:52,execute
FN:57,onMessage
FNF:8
FNH:0
FNDA:0,WorkerProxy
FNDA:0,(anonymous_11)
FNDA:0,(anonymous_14)
FNDA:0,connect
FNDA:0,init
FNDA:0,(anonymous_18)
FNDA:0,execute
FNDA:0,onMessage
DA:1,0
DA:4,0
DA:7,0
DA:8,0
DA:9,0
DA:10,0
DA:11,0
DA:13,0
DA:14,0
DA:15,0
DA:16,0
DA:20,0
DA:21,0
DA:25,0
DA:26,0
DA:27,0
DA:30,0
DA:34,0
DA:35,0
DA:36,0
DA:37,0
DA:38,0
DA:39,0
DA:45,0
DA:46,0
DA:47,0
DA:48,0
DA:49,0
DA:52,0
DA:53,0
DA:57,0
DA:58,0
LF:32
LH:0
BRDA:4,0,0,0
BRDA:4,0,1,0
BRDA:7,1,0,0
BRDA:7,1,1,0
BRDA:25,2,0,0
BRDA:25,2,1,0
BRDA:35,3,0,0
BRDA:35,3,1,0
BRDA:38,4,0,0
BRDA:38,4,1,0
BRF:10
BRH:0
end_of_record
TN:
SF:/Users/vincent.defeo/Workspace/okiba-gang/okiba/packages/worker-utils/index.js
FN:1,createWorker
FNF:1
FNH:0
FNDA:0,createWorker
DA:2,0
LF:1
LH:0
BRF:0
BRH:0
end_of_record
